This is pdfTeX, Version 3.14159265-2.6-1.40.15 (TeX Live 2014/W32TeX) (preloaded format=pdflatex 2015.2.20)  20 FEB 2015 22:29
entering extended mode
 restricted \write18 enabled.
 %&-line parsing enabled.
**"A Level Science Teaching Aid.tex"
(./A Level Science Teaching Aid.tex
LaTeX2e <2014/05/01>
Babel <3.9l> and hyphenation patterns for 79 languages loaded.
(c:/texlive/2014/texmf-dist/tex/latex/base/article.cls
Document Class: article 2014/09/29 v1.4h Standard LaTeX document class
(c:/texlive/2014/texmf-dist/tex/latex/base/size10.clo
File: size10.clo 2014/09/29 v1.4h Standard LaTeX file (size option)
)
\c@part=\count79
\c@section=\count80
\c@subsection=\count81
\c@subsubsection=\count82
\c@paragraph=\count83
\c@subparagraph=\count84
\c@figure=\count85
\c@table=\count86
\abovecaptionskip=\skip41
\belowcaptionskip=\skip42
\bibindent=\dimen102
)
(c:/texlive/2014/texmf-dist/tex/latex/base/inputenc.sty
Package: inputenc 2014/04/30 v1.2b Input encoding file
\inpenc@prehook=\toks14
\inpenc@posthook=\toks15

(c:/texlive/2014/texmf-dist/tex/latex/base/ascii.def
File: ascii.def 2014/04/30 v1.2b Input encoding file
))
(c:/texlive/2014/texmf-dist/tex/latex/base/fontenc.sty
Package: fontenc 2005/09/27 v1.99g Standard LaTeX package

(c:/texlive/2014/texmf-dist/tex/latex/tipa/t3enc.def
File: t3enc.def 2001/12/31 T3 encoding
)
(c:/texlive/2014/texmf-dist/tex/latex/base/t1enc.def
File: t1enc.def 2005/09/27 v1.99g Standard LaTeX file
LaTeX Font Info:    Redeclaring font encoding T1 on input line 43.
))
(c:/texlive/2014/texmf-dist/tex/generic/babel/babel.sty
Package: babel 2014/09/25 3.9l The Babel package

(c:/texlive/2014/texmf-dist/tex/generic/babel-english/english.ldf
Language: english 2012/08/20 v3.3p English support from the babel system

(c:/texlive/2014/texmf-dist/tex/generic/babel/babel.def
File: babel.def 2014/09/25 3.9l Babel common definitions
\babel@savecnt=\count87
\U@D=\dimen103
)
\l@canadian = a dialect from \language\l@american 
\l@australian = a dialect from \language\l@british 
\l@newzealand = a dialect from \language\l@british 
))
(c:/texlive/2014/texmf-dist/tex/latex/tipa/tipa.sty
Package: tipa 2002/08/08 TIPA version 1.1
)
(c:/texlive/2014/texmf-dist/tex/latex/tipa/tipx.sty
Package: tipx 2003/01/01 TIPX version 1.2
)
(c:/texlive/2014/texmf-dist/tex/latex/ifsym/ifsym.sty
Package: ifsym 2000/04/18 I.Kloeckl

(c:/texlive/2014/texmf-dist/tex/latex/tools/calc.sty
Package: calc 2014/10/28 v4.3 Infix arithmetic (KKT,FJ)
\calc@Acount=\count88
\calc@Bcount=\count89
\calc@Adimen=\dimen104
\calc@Bdimen=\dimen105
\calc@Askip=\skip43
\calc@Bskip=\skip44
LaTeX Info: Redefining \setlength on input line 75.
LaTeX Info: Redefining \addtolength on input line 76.
\calc@Ccount=\count90
\calc@Cskip=\skip45
)
\c@ifsymcnt=\count91
)
(c:/texlive/2014/texmf-dist/tex/latex/psnfss/pifont.sty
Package: pifont 2005/04/12 PSNFSS-v9.2a Pi font support (SPQR) 
LaTeX Font Info:    Try loading font information for U+pzd on input line 63.

(c:/texlive/2014/texmf-dist/tex/latex/psnfss/upzd.fd
File: upzd.fd 2001/06/04 font definitions for U/pzd.
)
LaTeX Font Info:    Try loading font information for U+psy on input line 64.

(c:/texlive/2014/texmf-dist/tex/latex/psnfss/upsy.fd
File: upsy.fd 2001/06/04 font definitions for U/psy.
))
(c:/texlive/2014/texmf-dist/tex/latex/eurosym/eurosym.sty
Package: eurosym 1998/08/06 v1.1 European currency symbol ``Euro''
\@eurobox=\box26
)
(c:/texlive/2014/texmf-dist/tex/latex/amsmath/amsmath.sty
Package: amsmath 2013/01/14 v2.14 AMS math features
\@mathmargin=\skip46

For additional information on amsmath, use the `?' option.
(c:/texlive/2014/texmf-dist/tex/latex/amsmath/amstext.sty
Package: amstext 2000/06/29 v2.01

(c:/texlive/2014/texmf-dist/tex/latex/amsmath/amsgen.sty
File: amsgen.sty 1999/11/30 v2.0
\@emptytoks=\toks16
\ex@=\dimen106
))
(c:/texlive/2014/texmf-dist/tex/latex/amsmath/amsbsy.sty
Package: amsbsy 1999/11/29 v1.2d
\pmbraise@=\dimen107
)
(c:/texlive/2014/texmf-dist/tex/latex/amsmath/amsopn.sty
Package: amsopn 1999/12/14 v2.01 operator names
)
\inf@bad=\count92
LaTeX Info: Redefining \frac on input line 210.
\uproot@=\count93
\leftroot@=\count94
LaTeX Info: Redefining \overline on input line 306.
\classnum@=\count95
\DOTSCASE@=\count96
LaTeX Info: Redefining \ldots on input line 378.
LaTeX Info: Redefining \dots on input line 381.
LaTeX Info: Redefining \cdots on input line 466.
\Mathstrutbox@=\box27
\strutbox@=\box28
\big@size=\dimen108
LaTeX Font Info:    Redeclaring font encoding OML on input line 566.
LaTeX Font Info:    Redeclaring font encoding OMS on input line 567.
\macc@depth=\count97
\c@MaxMatrixCols=\count98
\dotsspace@=\muskip10
\c@parentequation=\count99
\dspbrk@lvl=\count100
\tag@help=\toks17
\row@=\count101
\column@=\count102
\maxfields@=\count103
\andhelp@=\toks18
\eqnshift@=\dimen109
\alignsep@=\dimen110
\tagshift@=\dimen111
\tagwidth@=\dimen112
\totwidth@=\dimen113
\lineht@=\dimen114
\@envbody=\toks19
\multlinegap=\skip47
\multlinetaggap=\skip48
\mathdisplay@stack=\toks20
LaTeX Info: Redefining \[ on input line 2665.
LaTeX Info: Redefining \] on input line 2666.
)
(c:/texlive/2014/texmf-dist/tex/latex/wasysym/wasysym.sty
Package: wasysym 2003/10/30 v2.0 Wasy-2 symbol support package
\symwasy=\mathgroup4
LaTeX Font Info:    Overwriting symbol font `wasy' in version `bold'
(Font)                  U/wasy/m/n --> U/wasy/b/n on input line 90.
)
(c:/texlive/2014/texmf-dist/tex/latex/amsfonts/amssymb.sty
Package: amssymb 2013/01/14 v3.01 AMS font symbols

(c:/texlive/2014/texmf-dist/tex/latex/amsfonts/amsfonts.sty
Package: amsfonts 2013/01/14 v3.01 Basic AMSFonts support
\symAMSa=\mathgroup5
\symAMSb=\mathgroup6
LaTeX Font Info:    Overwriting math alphabet `\mathfrak' in version `bold'
(Font)                  U/euf/m/n --> U/euf/b/n on input line 106.
))
(c:/texlive/2014/texmf-dist/tex/latex/base/textcomp.sty
Package: textcomp 2005/09/27 v1.99g Standard LaTeX package
Package textcomp Info: Sub-encoding information:
(textcomp)               5 = only ISO-Adobe without \textcurrency
(textcomp)               4 = 5 + \texteuro
(textcomp)               3 = 4 + \textohm
(textcomp)               2 = 3 + \textestimated + \textcurrency
(textcomp)               1 = TS1 - \textcircled - \t
(textcomp)               0 = TS1 (full)
(textcomp)             Font families with sub-encoding setting implement
(textcomp)             only a restricted character set as indicated.
(textcomp)             Family '?' is the default used for unknown fonts.
(textcomp)             See the documentation for details.
Package textcomp Info: Setting ? sub-encoding to TS1/1 on input line 71.

(c:/texlive/2014/texmf-dist/tex/latex/base/ts1enc.def
File: ts1enc.def 2001/06/05 v3.0e (jk/car/fm) Standard LaTeX file
)
LaTeX Info: Redefining \oldstylenums on input line 266.
Package textcomp Info: Setting cmr sub-encoding to TS1/0 on input line 281.
Package textcomp Info: Setting cmss sub-encoding to TS1/0 on input line 282.
Package textcomp Info: Setting cmtt sub-encoding to TS1/0 on input line 283.
Package textcomp Info: Setting cmvtt sub-encoding to TS1/0 on input line 284.
Package textcomp Info: Setting cmbr sub-encoding to TS1/0 on input line 285.
Package textcomp Info: Setting cmtl sub-encoding to TS1/0 on input line 286.
Package textcomp Info: Setting ccr sub-encoding to TS1/0 on input line 287.
Package textcomp Info: Setting ptm sub-encoding to TS1/4 on input line 288.
Package textcomp Info: Setting pcr sub-encoding to TS1/4 on input line 289.
Package textcomp Info: Setting phv sub-encoding to TS1/4 on input line 290.
Package textcomp Info: Setting ppl sub-encoding to TS1/3 on input line 291.
Package textcomp Info: Setting pag sub-encoding to TS1/4 on input line 292.
Package textcomp Info: Setting pbk sub-encoding to TS1/4 on input line 293.
Package textcomp Info: Setting pnc sub-encoding to TS1/4 on input line 294.
Package textcomp Info: Setting pzc sub-encoding to TS1/4 on input line 295.
Package textcomp Info: Setting bch sub-encoding to TS1/4 on input line 296.
Package textcomp Info: Setting put sub-encoding to TS1/5 on input line 297.
Package textcomp Info: Setting uag sub-encoding to TS1/5 on input line 298.
Package textcomp Info: Setting ugq sub-encoding to TS1/5 on input line 299.
Package textcomp Info: Setting ul8 sub-encoding to TS1/4 on input line 300.
Package textcomp Info: Setting ul9 sub-encoding to TS1/4 on input line 301.
Package textcomp Info: Setting augie sub-encoding to TS1/5 on input line 302.
Package textcomp Info: Setting dayrom sub-encoding to TS1/3 on input line 303.
Package textcomp Info: Setting dayroms sub-encoding to TS1/3 on input line 304.

Package textcomp Info: Setting pxr sub-encoding to TS1/0 on input line 305.
Package textcomp Info: Setting pxss sub-encoding to TS1/0 on input line 306.
Package textcomp Info: Setting pxtt sub-encoding to TS1/0 on input line 307.
Package textcomp Info: Setting txr sub-encoding to TS1/0 on input line 308.
Package textcomp Info: Setting txss sub-encoding to TS1/0 on input line 309.
Package textcomp Info: Setting txtt sub-encoding to TS1/0 on input line 310.
Package textcomp Info: Setting lmr sub-encoding to TS1/0 on input line 311.
Package textcomp Info: Setting lmdh sub-encoding to TS1/0 on input line 312.
Package textcomp Info: Setting lmss sub-encoding to TS1/0 on input line 313.
Package textcomp Info: Setting lmssq sub-encoding to TS1/0 on input line 314.
Package textcomp Info: Setting lmvtt sub-encoding to TS1/0 on input line 315.
Package textcomp Info: Setting qhv sub-encoding to TS1/0 on input line 316.
Package textcomp Info: Setting qag sub-encoding to TS1/0 on input line 317.
Package textcomp Info: Setting qbk sub-encoding to TS1/0 on input line 318.
Package textcomp Info: Setting qcr sub-encoding to TS1/0 on input line 319.
Package textcomp Info: Setting qcs sub-encoding to TS1/0 on input line 320.
Package textcomp Info: Setting qpl sub-encoding to TS1/0 on input line 321.
Package textcomp Info: Setting qtm sub-encoding to TS1/0 on input line 322.
Package textcomp Info: Setting qzc sub-encoding to TS1/0 on input line 323.
Package textcomp Info: Setting qhvc sub-encoding to TS1/0 on input line 324.
Package textcomp Info: Setting futs sub-encoding to TS1/4 on input line 325.
Package textcomp Info: Setting futx sub-encoding to TS1/4 on input line 326.
Package textcomp Info: Setting futj sub-encoding to TS1/4 on input line 327.
Package textcomp Info: Setting hlh sub-encoding to TS1/3 on input line 328.
Package textcomp Info: Setting hls sub-encoding to TS1/3 on input line 329.
Package textcomp Info: Setting hlst sub-encoding to TS1/3 on input line 330.
Package textcomp Info: Setting hlct sub-encoding to TS1/5 on input line 331.
Package textcomp Info: Setting hlx sub-encoding to TS1/5 on input line 332.
Package textcomp Info: Setting hlce sub-encoding to TS1/5 on input line 333.
Package textcomp Info: Setting hlcn sub-encoding to TS1/5 on input line 334.
Package textcomp Info: Setting hlcw sub-encoding to TS1/5 on input line 335.
Package textcomp Info: Setting hlcf sub-encoding to TS1/5 on input line 336.
Package textcomp Info: Setting pplx sub-encoding to TS1/3 on input line 337.
Package textcomp Info: Setting pplj sub-encoding to TS1/3 on input line 338.
Package textcomp Info: Setting ptmx sub-encoding to TS1/4 on input line 339.
Package textcomp Info: Setting ptmj sub-encoding to TS1/4 on input line 340.
)
(c:/texlive/2014/texmf-dist/tex/latex/tools/array.sty
Package: array 2014/10/28 v2.4c Tabular extension package (FMi)
\col@sep=\dimen115
\extrarowheight=\dimen116
\NC@list=\toks21
\extratabsurround=\skip49
\backup@length=\skip50
)
(c:/texlive/2014/texmf-dist/tex/latex/supertabular/supertabular.sty
Package: supertabular 2004/02/20 v4.1e the supertabular environment
\c@tracingst=\count104
\ST@wd=\dimen117
\ST@rightskip=\skip51
\ST@leftskip=\skip52
\ST@parfillskip=\skip53
\ST@pageleft=\dimen118
\ST@headht=\dimen119
\ST@tailht=\dimen120
\ST@pagesofar=\dimen121
\ST@pboxht=\dimen122
\ST@lineht=\dimen123
\ST@stretchht=\dimen124
\ST@prevht=\dimen125
\ST@toadd=\dimen126
\ST@dimen=\dimen127
\ST@pbox=\box29
)
(c:/texlive/2014/texmf-dist/tex/latex/tools/hhline.sty
Package: hhline 2014/10/28 v2.03 Table rule package (DPC)
)
(c:/texlive/2014/texmf-dist/tex/latex/graphics/graphicx.sty
Package: graphicx 2014/10/28 v1.0g Enhanced LaTeX Graphics (DPC,SPQR)

(c:/texlive/2014/texmf-dist/tex/latex/graphics/keyval.sty
Package: keyval 2014/10/28 v1.15 key=value parser (DPC)
\KV@toks@=\toks22
)
(c:/texlive/2014/texmf-dist/tex/latex/graphics/graphics.sty
Package: graphics 2014/10/28 v1.0p Standard LaTeX Graphics (DPC,SPQR)

(c:/texlive/2014/texmf-dist/tex/latex/graphics/trig.sty
Package: trig 1999/03/16 v1.09 sin cos tan (DPC)
)
(c:/texlive/2014/texmf-dist/tex/latex/latexconfig/graphics.cfg
File: graphics.cfg 2010/04/23 v1.9 graphics configuration of TeX Live
)
Package graphics Info: Driver file: pdftex.def on input line 91.

(c:/texlive/2014/texmf-dist/tex/latex/pdftex-def/pdftex.def
File: pdftex.def 2011/05/27 v0.06d Graphics/color for pdfTeX

(c:/texlive/2014/texmf-dist/tex/generic/oberdiek/infwarerr.sty
Package: infwarerr 2010/04/08 v1.3 Providing info/warning/error messages (HO)
)
(c:/texlive/2014/texmf-dist/tex/generic/oberdiek/ltxcmds.sty
Package: ltxcmds 2011/11/09 v1.22 LaTeX kernel commands for general use (HO)
)
\Gread@gobject=\count105
))
\Gin@req@height=\dimen128
\Gin@req@width=\dimen129
)
(./A Level Science Teaching Aid.aux)
\openout1 = `"A Level Science Teaching Aid.aux"'.

LaTeX Font Info:    Checking defaults for OML/cmm/m/it on input line 25.
LaTeX Font Info:    ... okay on input line 25.
LaTeX Font Info:    Checking defaults for T1/cmr/m/n on input line 25.
LaTeX Font Info:    ... okay on input line 25.
LaTeX Font Info:    Checking defaults for OT1/cmr/m/n on input line 25.
LaTeX Font Info:    ... okay on input line 25.
LaTeX Font Info:    Checking defaults for OMS/cmsy/m/n on input line 25.
LaTeX Font Info:    ... okay on input line 25.
LaTeX Font Info:    Checking defaults for OMX/cmex/m/n on input line 25.
LaTeX Font Info:    ... okay on input line 25.
LaTeX Font Info:    Checking defaults for U/cmr/m/n on input line 25.
LaTeX Font Info:    ... okay on input line 25.
LaTeX Font Info:    Checking defaults for T3/cmr/m/n on input line 25.
LaTeX Font Info:    Try loading font information for T3+cmr on input line 25.

(c:/texlive/2014/texmf-dist/tex/latex/tipa/t3cmr.fd
File: t3cmr.fd 2001/12/31 TIPA font definitions
)
LaTeX Font Info:    ... okay on input line 25.
LaTeX Font Info:    Checking defaults for TS1/cmr/m/n on input line 25.
LaTeX Font Info:    Try loading font information for TS1+cmr on input line 25.

(c:/texlive/2014/texmf-dist/tex/latex/base/ts1cmr.fd
File: ts1cmr.fd 2014/09/29 v2.5h Standard LaTeX font definitions
)
LaTeX Font Info:    ... okay on input line 25.

(c:/texlive/2014/texmf-dist/tex/context/base/supp-pdf.mkii
[Loading MPS to PDF converter (version 2006.09.02).]
\scratchcounter=\count106
\scratchdimen=\dimen130
\scratchbox=\box30
\nofMPsegments=\count107
\nofMParguments=\count108
\everyMPshowfont=\toks23
\MPscratchCnt=\count109
\MPscratchDim=\dimen131
\MPnumerator=\count110
\makeMPintoPDFobject=\count111
\everyMPtoPDFconversion=\toks24
) (c:/texlive/2014/texmf-dist/tex/generic/oberdiek/pdftexcmds.sty
Package: pdftexcmds 2011/11/29 v0.20 Utility functions of pdfTeX for LuaTeX (HO
)

(c:/texlive/2014/texmf-dist/tex/generic/oberdiek/ifluatex.sty
Package: ifluatex 2010/03/01 v1.3 Provides the ifluatex switch (HO)
Package ifluatex Info: LuaTeX not detected.
)
(c:/texlive/2014/texmf-dist/tex/generic/oberdiek/ifpdf.sty
Package: ifpdf 2011/01/30 v2.3 Provides the ifpdf switch (HO)
Package ifpdf Info: pdfTeX in PDF mode is detected.
)
Package pdftexcmds Info: LuaTeX not detected.
Package pdftexcmds Info: \pdf@primitive is available.
Package pdftexcmds Info: \pdf@ifprimitive is available.
Package pdftexcmds Info: \pdfdraftmode found.
)
(c:/texlive/2014/texmf-dist/tex/latex/oberdiek/epstopdf-base.sty
Package: epstopdf-base 2010/02/09 v2.5 Base part for package epstopdf

(c:/texlive/2014/texmf-dist/tex/latex/oberdiek/grfext.sty
Package: grfext 2010/08/19 v1.1 Manage graphics extensions (HO)

(c:/texlive/2014/texmf-dist/tex/generic/oberdiek/kvdefinekeys.sty
Package: kvdefinekeys 2011/04/07 v1.3 Define keys (HO)
))
(c:/texlive/2014/texmf-dist/tex/latex/oberdiek/kvoptions.sty
Package: kvoptions 2011/06/30 v3.11 Key value format for package options (HO)

(c:/texlive/2014/texmf-dist/tex/generic/oberdiek/kvsetkeys.sty
Package: kvsetkeys 2012/04/25 v1.16 Key value parser (HO)

(c:/texlive/2014/texmf-dist/tex/generic/oberdiek/etexcmds.sty
Package: etexcmds 2011/02/16 v1.5 Avoid name clashes with e-TeX commands (HO)
Package etexcmds Info: Could not find \expanded.
(etexcmds)             That can mean that you are not using pdfTeX 1.50 or
(etexcmds)             that some package has redefined \expanded.
(etexcmds)             In the latter case, load this package earlier.
)))
Package grfext Info: Graphics extension search list:
(grfext)             [.png,.pdf,.jpg,.mps,.jpeg,.jbig2,.jb2,.PNG,.PDF,.JPG,.JPE
G,.JBIG2,.JB2,.eps]
(grfext)             \AppendGraphicsExtensions on input line 452.

(c:/texlive/2014/texmf-dist/tex/latex/latexconfig/epstopdf-sys.cfg
File: epstopdf-sys.cfg 2010/07/13 v1.3 Configuration of (r)epstopdf for TeX Liv
e
))
Underfull \hbox (badness 10000) in paragraph at lines 137--138

 []

[1



{c:/texlive/2014/texmf-var/fonts/map/pdftex/updmap/pdftex.map}]
LaTeX Font Info:    Try loading font information for U+wasy on input line 160.

(c:/texlive/2014/texmf-dist/tex/latex/wasysym/uwasy.fd
File: uwasy.fd 2003/10/30 v2.0 Wasy-2 symbol font definitions
)
LaTeX Font Info:    Try loading font information for U+msa on input line 160.

(c:/texlive/2014/texmf-dist/tex/latex/amsfonts/umsa.fd
File: umsa.fd 2013/01/14 v3.01 AMS symbols A
)
LaTeX Font Info:    Try loading font information for U+msb on input line 160.

(c:/texlive/2014/texmf-dist/tex/latex/amsfonts/umsb.fd
File: umsb.fd 2013/01/14 v3.01 AMS symbols B
) [2] [3] [4] [5]
Overfull \hbox (120.82892pt too wide) in paragraph at lines 349--388
[]  
 []


Underfull \hbox (badness 10000) in paragraph at lines 411--411
[]\T1/cmr/m/n/10 Strings and
 []


Underfull \hbox (badness 1127) in paragraph at lines 413--413
[]\T1/cmr/m/n/10 The data as-so-ci-ated with a stu-dent.
 []


Underfull \hbox (badness 10000) in paragraph at lines 416--416
[]\T1/cmr/m/n/10 Strings and
 []


Overfull \hbox (120.93256pt too wide) in paragraph at lines 402--440
[]  
 []

[6]
Underfull \hbox (badness 10000) in paragraph at lines 559--559
[]\T1/cmr/m/n/10 Validation
 []


Underfull \hbox (badness 10000) in paragraph at lines 561--561
[]\T1/cmr/m/n/10 Error Mes-
 []


Underfull \hbox (badness 10000) in paragraph at lines 564--564
[]\T1/cmr/m/n/10 Listed
 []


Underfull \hbox (badness 3068) in paragraph at lines 566--566
[]\T1/cmr/m/n/10 Please se-lect
 []


Underfull \hbox (badness 10000) in paragraph at lines 569--569
[]\T1/cmr/m/n/10 Presence,
 []


Underfull \hbox (badness 8019) in paragraph at lines 571--571
[]\T1/cmr/m/n/10 Please en-ter
 []


Underfull \hbox (badness 1389) in paragraph at lines 571--571
\T1/cmr/m/n/10 a name. /
 []


Underfull \hbox (badness 10000) in paragraph at lines 571--571
\T1/cmr/m/n/10 Please re-
 []


Underfull \hbox (badness 3019) in paragraph at lines 571--571
\T1/cmr/m/n/10 move in-valid
 []


Underfull \hbox (badness 10000) in paragraph at lines 571--571
\T1/cmr/m/n/10 char-ac-ters
 []


Overfull \hbox (134.47548pt too wide) in paragraph at lines 556--572
[]  
 []

[7]
Underfull \hbox (badness 10000) in paragraph at lines 573--573
[]\T1/cmr/m/n/10 Form
 []


Underfull \hbox (badness 10000) in paragraph at lines 574--574
[]\T1/cmr/m/n/10 Presence,
 []


Underfull \hbox (badness 10000) in paragraph at lines 574--574
\T1/cmr/m/n/10 Listed
 []


Underfull \hbox (badness 3068) in paragraph at lines 576--576
[]\T1/cmr/m/n/10 Please se-lect
 []


Underfull \hbox (badness 10000) in paragraph at lines 579--579
[]\T1/cmr/m/n/10 Presence,
 []


Underfull \hbox (badness 10000) in paragraph at lines 579--579
\T1/cmr/m/n/10 cor-rect
 []


Underfull \hbox (badness 10000) in paragraph at lines 579--579
\T1/cmr/m/n/10 pass-word
 []


Underfull \hbox (badness 8019) in paragraph at lines 581--581
[]\T1/cmr/m/n/10 Please en-ter
 []


Underfull \hbox (badness 10000) in paragraph at lines 583--583
[]\T1/cmr/m/n/10 Target
 []


Underfull \hbox (badness 10000) in paragraph at lines 588--588
[]\T1/cmr/m/n/10 Parent
 []


Underfull \hbox (badness 10000) in paragraph at lines 589--589
[]\T1/cmr/m/n/10 Correct
 []


Underfull \hbox (badness 10000) in paragraph at lines 589--589
\T1/cmr/m/n/10 email
 []


Underfull \hbox (badness 8019) in paragraph at lines 591--591
[]\T1/cmr/m/n/10 Please en-ter
 []


Overfull \hbox (134.47548pt too wide) in paragraph at lines 572--597
[]  
 []


Underfull \hbox (badness 3568) in paragraph at lines 644--644
[]\T1/cmr/m/n/10 Question stored suc-cess-
 []


Overfull \hbox (147.88718pt too wide) in paragraph at lines 635--652
[]  
 []

[8]
Underfull \hbox (badness 10000) in paragraph at lines 660--661
[]\T1/cmr/m/n/10 Question an-swered
 []


Underfull \hbox (badness 7064) in paragraph at lines 666--666
[]\T1/cmr/m/n/10 Retrieve from Pupil /
 []


Overfull \hbox (147.88718pt too wide) in paragraph at lines 652--672
[]  
 []


Overfull \hbox (10.0003pt too wide) in paragraph at lines 686--687
[]\T1/cmr/m/n/10 The pickle mod-ule im-ple-ments bi-nary pro-to-cols for se-ri-
al-iz-ing and de-serializing
 []

[9] [10] [11] [12]
Overfull \hbox (46.4903pt too wide) in paragraph at lines 1010--1011
[]        \T1/cmr/m/n/10 self.intermediary = pow(self.conc_of_A, self.order_of_
A) * (pow(self.conc_of_B,
 []

[13] [14] [15] [16] [17]
LaTeX Font Info:    Try loading font information for T1+cmtt on input line 1564
.
 (c:/texlive/2014/texmf-dist/tex/latex/base/t1cmtt.fd
File: t1cmtt.fd 2014/09/29 v2.5h Standard LaTeX font definitions
)
Overfull \hbox (111.63849pt too wide) in paragraph at lines 1809--1809
[]        \T1/cmtt/m/n/10 \ \ \ \ Dynamically populates the forms box from the 
\ \ \ \ \ \ students list.[] 
 []


Overfull \hbox (337.33337pt too wide) in paragraph at lines 1809--1809
[]\T1/cmtt/m/n/10 \ \ \ \ Dynamically populates the pupils box by searching \ \
 \ \ through the students list and adding pupils in the \ \ \ \ form.[] 
 []


Overfull \hbox (74.89746pt too wide) in paragraph at lines 1809--1809
[]\T1/cmtt/m/n/10 \ \ \ \ Dynamically populates the Qsets box by searching the 
\ \ \ \ Qsets list.[] 
 []


Overfull \hbox (599.76929pt too wide) in paragraph at lines 1809--1809
[]\T1/cmtt/m/n/10 \ \ Adds the name of the selected question set to the \ \ ?qu
estionstoanswer? of the selected pupils. Checks \ \ to see if the student alrea
dy has this set and does \ \ not add it.[] 
 []


Overfull \hbox (6.66412pt too wide) in paragraph at lines 1809--1809
[]\T1/cmtt/m/n/10 \ \ Opens the login page after the ?Log Out? button is \ \ pr
essed.[] 
 []

[18]
Overfull \hbox (32.90771pt too wide) in paragraph at lines 1809--1809
[]\T1/cmtt/m/n/10 \ \ Launches the hardy weinberg question form by \ \ creating
 an object.[] 
 []


Overfull \hbox (22.41028pt too wide) in paragraph at lines 1809--1809
[]\T1/cmtt/m/n/10 \ \ Opens the rate constant question window by creating \ \ a
n object.[] 
 []


Overfull \hbox (48.65387pt too wide) in paragraph at lines 1809--1809
[]\T1/cmtt/m/n/10 Takes the questions in the new QSet box and pickles them as o
ne QSet object[] 
 []


Overfull \hbox (48.65387pt too wide) in paragraph at lines 1809--1809
[]\T1/cmtt/m/n/10 Opens a dialogue box confirming the creation of a QSet and cl
oses the form.[] 
 []


Overfull \hbox (43.40515pt too wide) in paragraph at lines 1809--1809
[]\T1/cmtt/m/n/10 Dynamically adds questions to the questions box from the ques
tions pickle.[] 
 []


Overfull \hbox (751.98212pt too wide) in paragraph at lines 1809--1809
[]\T1/cmtt/m/n/10 values = [convertTofloat(self.firstValue.text()), convertTofl
oat(self.secondValue.text()),convertTofloat(self.thirdValue.text()),convertTofl
oat(self.FourthValue.text()),convertTofloat(self.FifthValue.text()) ][] 
 []

[19]
Overfull \hbox (127.38464pt too wide) in paragraph at lines 1809--1809
[]\T1/cmtt/m/n/10 Detects the type of question chosen, then updates the form de
pending on the selected type.[] 
 []


Overfull \hbox (27.659pt too wide) in paragraph at lines 1809--1809
[]\T1/cmtt/m/n/10 Creates a new question object with the used values and then p
ickles it.[] 
 []


Overfull \hbox (137.88208pt too wide) in paragraph at lines 1809--1809
[]\T1/cmtt/m/n/10 Opens a dialogue box confirming the creation of a new Questio
n and that it has been pickled.[] 
 []


Overfull \hbox (69.64874pt too wide) in paragraph at lines 1809--1809
[]\T1/cmtt/m/n/10 Opens a dialogue box telling the user that some entered field
s are not correct.[] 
 []


Overfull \hbox (32.90771pt too wide) in paragraph at lines 1809--1809
[]\T1/cmtt/m/n/10 Opens a dialogue box telling the user the question type is no
t selected.[] 
 []


Overfull \hbox (169.37439pt too wide) in paragraph at lines 1809--1809
[]\T1/cmtt/m/n/10 Detects the type of question sent and sends it to the right f
unction. Also initialises the object.[] 
 []


Overfull \hbox (274.34875pt too wide) in paragraph at lines 1809--1809
[]\T1/cmtt/m/n/10 If the question is a Rate constant question it sets the corre
ct Values[] to be the correct variables for the question.[] 
 []


Overfull \hbox (284.84619pt too wide) in paragraph at lines 1809--1809
[]\T1/cmtt/m/n/10 If the question is a hardy-weinberg question it sets the corr
ect Values[x] to be the correct variables for the question.[] 
 []

[20]
Overfull \hbox (489.5462pt too wide) in paragraph at lines 1809--1809
[]\T1/cmtt/m/n/10 Opens a dialogue box telling the user if the answer they inpu
tted is correct or not. If it is correct the forms close, if not they are instr
ucted to try again.[] 
 []


Overfull \hbox (552.53082pt too wide) in paragraph at lines 1809--1809
[]\T1/cmtt/m/n/10 def __init__(self, studentid, username, account_type, passwor
d, forename, surname, middlename, form, targetgrade, questionsanswered, questio
nstoanswer, answeredcorrectly):[] 
 []


Overfull \hbox (17.16156pt too wide) in paragraph at lines 1809--1809
[]\T1/cmtt/m/n/10 Finds the percentage of questions the student has answered co
rrectly.[] 
 []

[21]
Overfull \hbox (80.14618pt too wide) in paragraph at lines 1809--1809
[]\T1/cmtt/m/n/10 def __init__(self, conc_of_A, conc_of_B, order_of_A, order_of
_B, rateOfReaction):[] 
 []


Overfull \hbox (405.56671pt too wide) in paragraph at lines 1809--1809
[]\T1/cmtt/m/n/10 This Product.................................................
...............................................................................
.00[] 
 []


Overfull \hbox (416.06415pt too wide) in paragraph at lines 1809--1809
[]\T1/cmtt/m/n/10 Installation.................................................
...............................................................................
...00[] 
 []

[22]
Overfull \hbox (631.2616pt too wide) in paragraph at lines 1809--1809
[]\T1/cmtt/m/n/10 This product has been designed to allow people of varying tec
hnical ability to use it. This means anyone can engage fully with its functions
, with minimal support from technical persons.[] 
 []


Overfull \hbox (1234.8642pt too wide) in paragraph at lines 1809--1809
[]\T1/cmtt/m/n/10 The primary objective of this software is to give teachers an
d students a platform to develop, practise and hone their A level science equat
ions. The use of a simple GUI removes ambiguity as users know exactly what they
 can do with this system and the logical layout of windows allows easy navigati
on.[] 
 []

[23] (./A Level Science Teaching Aid.aux) ) 
Here is how much of TeX's memory you used:
 5065 strings out of 493109
 65637 string characters out of 6138587
 127215 words of memory out of 5000000
 8416 multiletter control sequences out of 15000+600000
 12398 words of font info for 38 fonts, out of 8000000 for 9000
 1141 hyphenation exceptions out of 8191
 37i,10n,26p,1020b,343s stack positions out of 5000i,500n,10000p,200000b,80000s
{c:/texlive/2014/texmf-dist/fonts/en
c/dvips/cm-super/cm-super-t1.enc}{c:/texlive/2014/texmf-dist/fonts/enc/dvips/cm
-super/cm-super-ts1.enc}<c:/texlive/2014/texmf-dist/fonts/type1/public/amsfonts
/cm/cmmi10.pfb><c:/texlive/2014/texmf-dist/fonts/type1/public/amsfonts/cm/cmsy1
0.pfb><c:/texlive/2014/texmf-dist/fonts/type1/public/cm-super/sfbx1000.pfb><c:/
texlive/2014/texmf-dist/fonts/type1/public/cm-super/sfbx1440.pfb><c:/texlive/20
14/texmf-dist/fonts/type1/public/cm-super/sfrm1000.pfb><c:/texlive/2014/texmf-d
ist/fonts/type1/public/cm-super/sfti1000.pfb><c:/texlive/2014/texmf-dist/fonts/
type1/public/cm-super/sftt1000.pfb>
Output written on "A Level Science Teaching Aid.pdf" (23 pages, 150872 bytes).
PDF statistics:
 110 PDF objects out of 1000 (max. 8388607)
 77 compressed objects within 1 object stream
 0 named destinations out of 1000 (max. 500000)
 1 words of extra memory for PDF output out of 10000 (max. 10000000)

