\BOOKMARK [0][-]{chapter.1}{Analysis}{}% 1
\BOOKMARK [1][-]{section.1.1}{Background and Definition of Problem}{chapter.1}% 2
\BOOKMARK [1][-]{section.1.2}{Users and the current system}{chapter.1}% 3
\BOOKMARK [2][-]{subsection.1.2.1}{Data Flow Diagrams}{section.1.2}% 4
\BOOKMARK [1][-]{section.1.3}{Feedback Reports}{chapter.1}% 5
\BOOKMARK [1][-]{section.1.4}{Proposed System}{chapter.1}% 6
\BOOKMARK [1][-]{section.1.5}{Entity Relationship Diagrams}{chapter.1}% 7
\BOOKMARK [1][-]{section.1.6}{Objectives}{chapter.1}% 8
\BOOKMARK [1][-]{section.1.7}{Data Information}{chapter.1}% 9
\BOOKMARK [2][-]{subsection.1.7.1}{Data Volumes}{section.1.7}% 10
\BOOKMARK [2][-]{subsection.1.7.2}{Data Dictionary}{section.1.7}% 11
\BOOKMARK [1][-]{section.1.8}{Object Orientated Programming Planning}{chapter.1}% 12
\BOOKMARK [2][-]{subsection.1.8.1}{Student Class}{section.1.8}% 13
\BOOKMARK [2][-]{subsection.1.8.2}{Teacher}{section.1.8}% 14
\BOOKMARK [2][-]{subsection.1.8.3}{Question}{section.1.8}% 15
\BOOKMARK [2][-]{subsection.1.8.4}{Question Set}{section.1.8}% 16
\BOOKMARK [0][-]{chapter.2}{Design}{}% 17
\BOOKMARK [1][-]{section.2.1}{Navigation}{chapter.2}% 18
\BOOKMARK [2][-]{subsection.2.1.1}{GUI Navigation}{section.2.1}% 19
\BOOKMARK [1][-]{section.2.2}{Validation}{chapter.2}% 20
\BOOKMARK [1][-]{section.2.3}{Overall System Design}{chapter.2}% 21
\BOOKMARK [1][-]{section.2.4}{Record Structure}{chapter.2}% 22
\BOOKMARK [1][-]{section.2.5}{Data Transformation}{chapter.2}% 23
\BOOKMARK [1][-]{section.2.6}{Class Diagrams}{chapter.2}% 24
\BOOKMARK [2][-]{subsection.2.6.1}{Student}{section.2.6}% 25
\BOOKMARK [2][-]{subsection.2.6.2}{Teacher}{section.2.6}% 26
\BOOKMARK [2][-]{subsection.2.6.3}{Universal Question Window}{section.2.6}% 27
\BOOKMARK [1][-]{section.2.7}{Security and Integrity}{chapter.2}% 28
\BOOKMARK [1][-]{section.2.8}{Prototype}{chapter.2}% 29
\BOOKMARK [2][-]{subsection.2.8.1}{Command Line Prototype Code}{section.2.8}% 30
\BOOKMARK [2][-]{subsection.2.8.2}{GUI Prototype}{section.2.8}% 31
\BOOKMARK [1][-]{section.2.9}{Test Strategy}{chapter.2}% 32
\BOOKMARK [0][-]{chapter.3}{Testing}{}% 33
